# JRE version: Java(TM) SE Runtime Environment (8.0_92-b14) (build 1.8.0_92-b14)
# Java VM: Java HotSpot(TM) 64-Bit Server VM (25.92-b14 mixed mode windows-amd64 compressed oops)
Heap:
 PSYoungGen      total 33280K, used 10748K [0x00000000daf80000, 0x00000000dd480000, 0x0000000100000000)
  eden space 28672K, 21% used [0x00000000daf80000,0x00000000db58fc40,0x00000000dcb80000)
  from space 4608K, 98% used [0x00000000dd000000,0x00000000dd46f3d0,0x00000000dd480000)
  to   space 4608K, 0% used [0x00000000dcb80000,0x00000000dcb80000,0x00000000dd000000)
 ParOldGen       total 76800K, used 746K [0x0000000090e00000, 0x0000000095900000, 0x00000000daf80000)
  object space 76800K, 0% used [0x0000000090e00000,0x0000000090ebaaf8,0x0000000095900000)
 Metaspace       used 12386K, capacity 12776K, committed 12928K, reserved 1060864K
  class space    used 1666K, capacity 1804K, committed 1920K, reserved 1048576K
GC Heap History (4 events):
Event: 2.536 GC heap before
{Heap before GC invocations=1 (full 0):
 PSYoungGen      total 33280K, used 28672K [0x00000000daf80000, 0x00000000dd480000, 0x0000000100000000)
  eden space 28672K, 100% used [0x00000000daf80000,0x00000000dcb80000,0x00000000dcb80000)
  from space 4608K, 0% used [0x00000000dd000000,0x00000000dd000000,0x00000000dd480000)
  to   space 4608K, 0% used [0x00000000dcb80000,0x00000000dcb80000,0x00000000dd000000)
 ParOldGen       total 76800K, used 0K [0x0000000090e00000, 0x0000000095900000, 0x00000000daf80000)
  object space 76800K, 0% used [0x0000000090e00000,0x0000000090e00000,0x0000000095900000)
 Metaspace       used 8792K, capacity 9024K, committed 9216K, reserved 1056768K
  class space    used 1154K, capacity 1216K, committed 1280K, reserved 1048576K
Event: 2.548 GC heap after
Heap after GC invocations=1 (full 0):
 PSYoungGen      total 33280K, used 4582K [0x00000000daf80000, 0x00000000dd480000, 0x0000000100000000)
  eden space 28672K, 0% used [0x00000000daf80000,0x00000000daf80000,0x00000000dcb80000)
  from space 4608K, 99% used [0x00000000dcb80000,0x00000000dcff9ae8,0x00000000dd000000)
  to   space 4608K, 0% used [0x00000000dd000000,0x00000000dd000000,0x00000000dd480000)
 ParOldGen       total 76800K, used 738K [0x0000000090e00000, 0x0000000095900000, 0x00000000daf80000)
  object space 76800K, 0% used [0x0000000090e00000,0x0000000090eb8af8,0x0000000095900000)
 Metaspace       used 8792K, capacity 9024K, committed 9216K, reserved 1056768K
  class space    used 1154K, capacity 1216K, committed 1280K, reserved 1048576K
}
Event: 3.769 GC heap before
{Heap before GC invocations=2 (full 0):
 PSYoungGen      total 33280K, used 33254K [0x00000000daf80000, 0x00000000dd480000, 0x0000000100000000)
  eden space 28672K, 100% used [0x00000000daf80000,0x00000000dcb80000,0x00000000dcb80000)
  from space 4608K, 99% used [0x00000000dcb80000,0x00000000dcff9ae8,0x00000000dd000000)
  to   space 4608K, 0% used [0x00000000dd000000,0x00000000dd000000,0x00000000dd480000)
 ParOldGen       total 76800K, used 738K [0x0000000090e00000, 0x0000000095900000, 0x00000000daf80000)
  object space 76800K, 0% used [0x0000000090e00000,0x0000000090eb8af8,0x0000000095900000)
 Metaspace       used 11091K, capacity 11368K, committed 11648K, reserved 1058816K
  class space    used 1494K, capacity 1616K, committed 1664K, reserved 1048576K
Event: 3.780 GC heap after
Heap after GC invocations=2 (full 0):
 PSYoungGen      total 33280K, used 4540K [0x00000000daf80000, 0x00000000dd480000, 0x0000000100000000)
  eden space 28672K, 0% used [0x00000000daf80000,0x00000000daf80000,0x00000000dcb80000)
  from space 4608K, 98% used [0x00000000dd000000,0x00000000dd46f3d0,0x00000000dd480000)
  to   space 4608K, 0% used [0x00000000dcb80000,0x00000000dcb80000,0x00000000dd000000)
 ParOldGen       total 76800K, used 746K [0x0000000090e00000, 0x0000000095900000, 0x00000000daf80000)
  object space 76800K, 0% used [0x0000000090e00000,0x0000000090ebaaf8,0x0000000095900000)
 Metaspace       used 11091K, capacity 11368K, committed 11648K, reserved 1058816K
  class space    used 1494K, capacity 1616K, committed 1664K, reserved 1048576K
}

